<?xml version="1.0" encoding="UTF-8"?>
<!-- Generated by org.testng.reporters.JUnitReportReporter -->
<testsuite hostname="Arche-ITL476" failures="0" tests="3" name="com.anglo.Footerlinks" time="16.934" errors="0" timestamp="2022-11-16T14:32:07 IST" skipped="0">
  <testcase classname="com.anglo.Footerlinks" name="VerifyOur_websites_Footerlinks" time="5.719"/>
  <system-out/>
  <testcase classname="com.anglo.Footerlinks" name="VerifyWebsiteSpeciific_Footerlinks" time="5.526"/>
  <system-out/>
  <testcase classname="com.anglo.Footerlinks" name="VerifySocialIcons_Footerlinks" time="5.689"/>
  <system-out/>
</testsuite> <!-- com.anglo.Footerlinks -->
