<?xml version="1.0" encoding="UTF-8"?>
<!-- Generated by org.testng.reporters.JUnitReportReporter -->
<testsuite hostname="Arche-ITL476" failures="0" tests="1" name="com.anglo.HeaderLinks" time="8.674" errors="0" timestamp="2022-11-15T16:10:19 IST" skipped="0">
  <testcase classname="com.anglo.HeaderLinks" name="Verify_Main_Headerlinks" time="8.674"/>
  <system-out/>
</testsuite> <!-- com.anglo.HeaderLinks -->
