<?xml version="1.0" encoding="UTF-8"?>
<!-- Generated by org.testng.reporters.JUnitReportReporter -->
<testsuite hostname="Arche-ITL476" failures="0" tests="2" name="com.anglo.CountryDropdown" time="16.795" errors="0" timestamp="2022-11-16T14:17:26 IST" skipped="0">
  <testcase classname="com.anglo.CountryDropdown" name="Verify_CountryDropdown_present" time="6.892"/>
  <system-out/>
  <testcase classname="com.anglo.CountryDropdown" name="Verify_CountryDropdown_CountryList" time="9.903"/>
  <system-out/>
</testsuite> <!-- com.anglo.CountryDropdown -->
