<?xml version="1.0" encoding="UTF-8"?>
<!-- Generated by org.testng.reporters.JUnitReportReporter -->
<testsuite hostname="KUSH1107" failures="0" tests="1" name="com.anglo.Sitemap" time="18.166" errors="0" timestamp="2022-11-22T20:01:04 IST" skipped="0">
  <testcase classname="com.anglo.Sitemap" name="Verify_Number_of_sitemaplinks" time="18.166"/>
  <system-out/>
</testsuite> <!-- com.anglo.Sitemap -->
