<?xml version="1.0" encoding="UTF-8"?>
<!-- Generated by org.testng.reporters.JUnitReportReporter -->
<testsuite hostname="Arche-ITL476" failures="0" tests="5" name="com.anglo.PageNotFound" time="21.946" errors="0" timestamp="2022-11-15T16:10:19 IST" skipped="0">
  <testcase classname="com.anglo.PageNotFound" name="VerifyPageTitle" time="4.273"/>
  <system-out/>
  <testcase classname="com.anglo.PageNotFound" name="VerifyCompanyName" time="4.339"/>
  <system-out/>
  <testcase classname="com.anglo.PageNotFound" name="Verify_Homepagelink" time="4.852"/>
  <system-out/>
  <testcase classname="com.anglo.PageNotFound" name="Verify_Sitemaplink" time="4.268"/>
  <system-out/>
  <testcase classname="com.anglo.PageNotFound" name="Verify_PageTimer" time="4.214"/>
  <system-out/>
</testsuite> <!-- com.anglo.PageNotFound -->
