<?xml version="1.0" encoding="UTF-8"?>
<!-- Generated by org.testng.reporters.JUnitReportReporter -->
<testsuite hostname="Arche-ITL476" failures="0" tests="6" name="com.anglo.MainNav" time="145.883" errors="0" timestamp="2022-11-16T14:32:07 IST" skipped="0">
  <testcase classname="com.anglo.MainNav" name="VerifyAboutUs_Headerlinks" time="17.061"/>
  <system-out/>
  <testcase classname="com.anglo.MainNav" name="VerifyProducts_Headerlinks" time="13.663"/>
  <system-out/>
  <testcase classname="com.anglo.MainNav" name="VerifySustainability_Headerlinks" time="25.553"/>
  <system-out/>
  <testcase classname="com.anglo.MainNav" name="VerifyFuturesmart_Headerlinks" time="11.886"/>
  <system-out/>
  <testcase classname="com.anglo.MainNav" name="VerifyInvestors_Headerlinks" time="50.042"/>
  <system-out/>
  <testcase classname="com.anglo.MainNav" name="VerifyCareers_Headerlinks" time="27.678"/>
  <system-out/>
</testsuite> <!-- com.anglo.MainNav -->
