<?xml version="1.0" encoding="UTF-8"?>
<!-- Generated by org.testng.reporters.JUnitReportReporter -->
<testsuite hostname="KUSH1107" failures="0" tests="1" name="com.anglo.SocialLinks" time="40.129" errors="0" timestamp="2022-11-22T20:24:59 IST" skipped="0">
  <testcase classname="com.anglo.SocialLinks" name="VerifySocialLinks" time="40.129"/>
  <system-out/>
</testsuite> <!-- com.anglo.SocialLinks -->
