<?xml version="1.0" encoding="UTF-8"?>
<!-- Generated by org.testng.reporters.JUnitReportReporter -->
<testsuite hostname="Arche-ITL476" failures="0" tests="2" name="com.anglo.CountryDropdown" time="13.558" errors="0" timestamp="2022-11-16T14:32:07 IST" skipped="0">
  <testcase classname="com.anglo.CountryDropdown" name="Verify_CountryDropdown_present" time="5.292"/>
  <system-out/>
  <testcase classname="com.anglo.CountryDropdown" name="Verify_CountryDropdown_CountryList" time="8.266"/>
  <system-out/>
</testsuite> <!-- com.anglo.CountryDropdown -->
