<?xml version="1.0" encoding="UTF-8"?>
<!-- Generated by org.testng.reporters.JUnitReportReporter -->
<testsuite hostname="Arche-ITL476" failures="0" tests="1" name="com.anglo.BackToTop" time="8.818" errors="0" timestamp="2022-11-16T14:32:07 IST" skipped="0">
  <testcase classname="com.anglo.BackToTop" name="Verify_BackToTop_present" time="8.818"/>
  <system-out/>
</testsuite> <!-- com.anglo.BackToTop -->
