<?xml version="1.0" encoding="UTF-8"?>
<!-- Generated by org.testng.reporters.JUnitReportReporter -->
<testsuite hostname="Arche-ITL476" failures="0" tests="3" name="com.anglo.Footerlinks" time="20.588" errors="0" timestamp="2022-11-15T16:10:19 IST" skipped="0">
  <testcase classname="com.anglo.Footerlinks" name="VerifyWebsiteSpeciific_Footerlinks" time="5.733"/>
  <system-out/>
  <testcase classname="com.anglo.Footerlinks" name="VerifyOur_websites_Footerlinks" time="7.139"/>
  <system-out/>
  <testcase classname="com.anglo.Footerlinks" name="VerifySocialIcons_Footerlinks" time="7.716"/>
  <system-out/>
</testsuite> <!-- com.anglo.Footerlinks -->
