<?xml version="1.0" encoding="UTF-8"?>
<!-- Generated by org.testng.reporters.JUnitReportReporter -->
<testsuite hostname="KUSH1107" failures="0" tests="5" name="com.anglo.MainNav" time="112.634" errors="0" timestamp="2022-11-16T00:12:23 IST" skipped="0">
  <testcase classname="com.anglo.MainNav" name="VerifyAboutUs_Headerlinks" time="15.891"/>
  <system-out/>
  <testcase classname="com.anglo.MainNav" name="VerifyFuturesmart_Headerlinks" time="11.953"/>
  <system-out/>
  <testcase classname="com.anglo.MainNav" name="VerifyInvestors_Headerlinks" time="43.856"/>
  <system-out/>
  <testcase classname="com.anglo.MainNav" name="VerifyProducts_Headerlinks" time="14.401"/>
  <system-out/>
  <testcase classname="com.anglo.MainNav" name="VerifySustainability_Headerlinks" time="26.533"/>
  <system-out/>
</testsuite> <!-- com.anglo.MainNav -->
