<?xml version="1.0" encoding="UTF-8"?>
<!-- Generated by org.testng.reporters.JUnitReportReporter -->
<testsuite hostname="Arche-ITL476" failures="0" tests="1" name="ChromeProfile" time="7.292" errors="0" timestamp="2022-11-16T17:17:15 IST" skipped="0">
  <testcase classname="ChromeProfile" name="Verify_BackToTop_present" time="7.292"/>
  <system-out/>
</testsuite> <!-- ChromeProfile -->
